2018-11-02 14:03:44,973 p=7997 u=yungshun |  PLAY [spark-standalone] *********************************************************
2018-11-02 14:03:45,005 p=7997 u=yungshun |  TASK [Install Python 2.7] *******************************************************
2018-11-02 14:03:46,453 p=7997 u=yungshun |  ok: [manager2]
2018-11-02 14:03:46,462 p=7997 u=yungshun |  ok: [worker1]
2018-11-02 14:03:46,554 p=7997 u=yungshun |  ok: [manager1]
2018-11-02 14:03:46,559 p=7997 u=yungshun |  TASK [Gather facts after Python is definitely present] **************************
2018-11-02 14:03:48,072 p=7997 u=yungshun |  ok: [manager1]
2018-11-02 14:03:48,229 p=7997 u=yungshun |  ok: [worker1]
2018-11-02 14:03:48,253 p=7997 u=yungshun |  ok: [manager2]
2018-11-02 14:03:48,332 p=7997 u=yungshun |  TASK [Install pip and docker.io] ************************************************
2018-11-02 14:03:49,910 p=7997 u=yungshun |  ok: [worker1]
2018-11-02 14:03:49,989 p=7997 u=yungshun |  ok: [manager2]
2018-11-02 14:03:50,024 p=7997 u=yungshun |  ok: [manager1]
2018-11-02 14:03:50,109 p=7997 u=yungshun |  TASK [Install Docker Python library] ********************************************
2018-11-02 14:03:51,902 p=7997 u=yungshun |  ok: [manager2]
2018-11-02 14:03:51,980 p=7997 u=yungshun |  ok: [manager1]
2018-11-02 14:03:51,985 p=7997 u=yungshun |  ok: [worker1]
2018-11-02 14:03:51,994 p=7997 u=yungshun |  PLAY RECAP **********************************************************************
2018-11-02 14:03:51,994 p=7997 u=yungshun |  manager1                   : ok=4    changed=0    unreachable=0    failed=0   
2018-11-02 14:03:51,994 p=7997 u=yungshun |  manager2                   : ok=4    changed=0    unreachable=0    failed=0   
2018-11-02 14:03:51,994 p=7997 u=yungshun |  worker1                    : ok=4    changed=0    unreachable=0    failed=0   
2018-11-02 14:27:22,287 p=8304 u=yungshun |  PLAY [spark-standalone] *********************************************************
2018-11-02 14:27:22,315 p=8304 u=yungshun |  TASK [Check for containers that actually exist] *********************************
2018-11-02 14:27:24,158 p=8304 u=yungshun |  changed: [manager1] => (item=spark-master)
2018-11-02 14:27:24,164 p=8304 u=yungshun |  TASK [Remove the containers found by the above command] *************************
2018-11-02 14:27:24,224 p=8304 u=yungshun |  skipping: [manager1] => (item={'_ansible_parsed': True, 'stderr_lines': [], u'changed': True, u'stdout': u'', '_ansible_item_result': True, u'delta': u'0:00:00.018644', 'stdout_lines': [], '_ansible_item_label': u'spark-master', u'end': u'2018-11-02 14:27:24.067927', '_ansible_no_log': False, 'failed': False, u'cmd': u'docker ps -aq --filter "name=spark-master"', 'item': u'spark-master', u'stderr': u'', u'rc': 0, u'invocation': {u'module_args': {u'warn': True, u'executable': None, u'_uses_shell': True, u'_raw_params': u'docker ps -aq --filter "name=spark-master"', u'removes': None, u'argv': None, u'creates': None, u'chdir': None, u'stdin': None}}, u'start': u'2018-11-02 14:27:24.049283', '_ansible_ignore_errors': None}) 
2018-11-02 14:27:24,243 p=8304 u=yungshun |  TASK [Create spark-master service] **********************************************
2018-11-02 14:27:25,405 p=8304 u=yungshun |  changed: [manager1]
2018-11-02 14:27:25,407 p=8304 u=yungshun |  PLAY RECAP **********************************************************************
2018-11-02 14:27:25,407 p=8304 u=yungshun |  manager1                   : ok=2    changed=2    unreachable=0    failed=0   
